2015-07-02 10:24:23,038 DEBUG [org.springframework.core.env.StandardEnvironment] - <Adding [systemProperties] PropertySource with lowest search precedence>
2015-07-02 10:24:23,040 DEBUG [org.springframework.core.env.StandardEnvironment] - <Adding [systemEnvironment] PropertySource with lowest search precedence>
2015-07-02 10:24:23,040 DEBUG [org.springframework.core.env.StandardEnvironment] - <Initialized StandardEnvironment with PropertySources [systemProperties,systemEnvironment]>
2015-07-02 10:24:23,044 INFO [org.springframework.context.support.ClassPathXmlApplicationContext] - <Refreshing org.springframework.context.support.ClassPathXmlApplicationContext@798fd984: startup date [Thu Jul 02 10:24:23 UZT 2015]; root of context hierarchy>
2015-07-02 10:24:23,079 DEBUG [org.springframework.core.env.StandardEnvironment] - <Adding [systemProperties] PropertySource with lowest search precedence>
2015-07-02 10:24:23,079 DEBUG [org.springframework.core.env.StandardEnvironment] - <Adding [systemEnvironment] PropertySource with lowest search precedence>
2015-07-02 10:24:23,080 DEBUG [org.springframework.core.env.StandardEnvironment] - <Initialized StandardEnvironment with PropertySources [systemProperties,systemEnvironment]>
2015-07-02 10:24:23,089 INFO [org.springframework.beans.factory.xml.XmlBeanDefinitionReader] - <Loading XML bean definitions from class path resource [Beans.xml]>
2015-07-02 10:24:23,100 DEBUG [org.springframework.beans.factory.xml.DefaultDocumentLoader] - <Using JAXP provider [com.sun.org.apache.xerces.internal.jaxp.DocumentBuilderFactoryImpl]>
2015-07-02 10:24:23,121 DEBUG [org.springframework.beans.factory.xml.PluggableSchemaResolver] - <Loading schema mappings from [META-INF/spring.schemas]>
2015-07-02 10:24:23,124 DEBUG [org.springframework.beans.factory.xml.PluggableSchemaResolver] - <Loaded schema mappings: {http://www.springframework.org/schema/util/spring-util.xsd=org/springframework/beans/factory/xml/spring-util-3.2.xsd, http://www.springframework.org/schema/jee/spring-jee-3.2.xsd=org/springframework/ejb/config/spring-jee-3.2.xsd, http://www.springframework.org/schema/task/spring-task.xsd=org/springframework/scheduling/config/spring-task-3.2.xsd, http://www.springframework.org/schema/beans/spring-beans-3.1.xsd=org/springframework/beans/factory/xml/spring-beans-3.1.xsd, http://www.springframework.org/schema/cache/spring-cache.xsd=org/springframework/cache/config/spring-cache-3.2.xsd, http://www.springframework.org/schema/aop/spring-aop-3.0.xsd=org/springframework/aop/config/spring-aop-3.0.xsd, http://www.springframework.org/schema/aop/spring-aop-2.0.xsd=org/springframework/aop/config/spring-aop-2.0.xsd, http://www.springframework.org/schema/task/spring-task-3.1.xsd=org/springframework/scheduling/config/spring-task-3.1.xsd, http://www.springframework.org/schema/tool/spring-tool-2.5.xsd=org/springframework/beans/factory/xml/spring-tool-2.5.xsd, http://www.springframework.org/schema/beans/spring-beans.xsd=org/springframework/beans/factory/xml/spring-beans-3.2.xsd, http://www.springframework.org/schema/jee/spring-jee-2.5.xsd=org/springframework/ejb/config/spring-jee-2.5.xsd, http://www.springframework.org/schema/tool/spring-tool-3.1.xsd=org/springframework/beans/factory/xml/spring-tool-3.1.xsd, http://www.springframework.org/schema/aop/spring-aop.xsd=org/springframework/aop/config/spring-aop-3.2.xsd, http://www.springframework.org/schema/jee/spring-jee-3.1.xsd=org/springframework/ejb/config/spring-jee-3.1.xsd, http://www.springframework.org/schema/context/spring-context-3.2.xsd=org/springframework/context/config/spring-context-3.2.xsd, http://www.springframework.org/schema/beans/spring-beans-2.0.xsd=org/springframework/beans/factory/xml/spring-beans-2.0.xsd, http://www.springframework.org/schema/util/spring-util-3.2.xsd=org/springframework/beans/factory/xml/spring-util-3.2.xsd, http://www.springframework.org/schema/lang/spring-lang-3.2.xsd=org/springframework/scripting/config/spring-lang-3.2.xsd, http://www.springframework.org/schema/beans/spring-beans-3.0.xsd=org/springframework/beans/factory/xml/spring-beans-3.0.xsd, http://www.springframework.org/schema/cache/spring-cache-3.2.xsd=org/springframework/cache/config/spring-cache-3.2.xsd, http://www.springframework.org/schema/task/spring-task-3.0.xsd=org/springframework/scheduling/config/spring-task-3.0.xsd, http://www.springframework.org/schema/context/spring-context-2.5.xsd=org/springframework/context/config/spring-context-2.5.xsd, http://www.springframework.org/schema/tool/spring-tool-3.0.xsd=org/springframework/beans/factory/xml/spring-tool-3.0.xsd, http://www.springframework.org/schema/tool/spring-tool-2.0.xsd=org/springframework/beans/factory/xml/spring-tool-2.0.xsd, http://www.springframework.org/schema/util/spring-util-2.5.xsd=org/springframework/beans/factory/xml/spring-util-2.5.xsd, http://www.springframework.org/schema/lang/spring-lang.xsd=org/springframework/scripting/config/spring-lang-3.2.xsd, http://www.springframework.org/schema/lang/spring-lang-2.5.xsd=org/springframework/scripting/config/spring-lang-2.5.xsd, http://www.springframework.org/schema/aop/spring-aop-3.2.xsd=org/springframework/aop/config/spring-aop-3.2.xsd, http://www.springframework.org/schema/jee/spring-jee-3.0.xsd=org/springframework/ejb/config/spring-jee-3.0.xsd, http://www.springframework.org/schema/jee/spring-jee-2.0.xsd=org/springframework/ejb/config/spring-jee-2.0.xsd, http://www.springframework.org/schema/context/spring-context-3.1.xsd=org/springframework/context/config/spring-context-3.1.xsd, http://www.springframework.org/schema/util/spring-util-3.1.xsd=org/springframework/beans/factory/xml/spring-util-3.1.xsd, http://www.springframework.org/schema/lang/spring-lang-3.1.xsd=org/springframework/scripting/config/spring-lang-3.1.xsd, http://www.springframework.org/schema/cache/spring-cache-3.1.xsd=org/springframework/cache/config/spring-cache-3.1.xsd, http://www.springframework.org/schema/context/spring-context.xsd=org/springframework/context/config/spring-context-3.2.xsd, http://www.springframework.org/schema/jee/spring-jee.xsd=org/springframework/ejb/config/spring-jee-3.2.xsd, http://www.springframework.org/schema/aop/spring-aop-2.5.xsd=org/springframework/aop/config/spring-aop-2.5.xsd, http://www.springframework.org/schema/beans/spring-beans-3.2.xsd=org/springframework/beans/factory/xml/spring-beans-3.2.xsd, http://www.springframework.org/schema/aop/spring-aop-3.1.xsd=org/springframework/aop/config/spring-aop-3.1.xsd, http://www.springframework.org/schema/task/spring-task-3.2.xsd=org/springframework/scheduling/config/spring-task-3.2.xsd, http://www.springframework.org/schema/context/spring-context-3.0.xsd=org/springframework/context/config/spring-context-3.0.xsd, http://www.springframework.org/schema/tool/spring-tool.xsd=org/springframework/beans/factory/xml/spring-tool-3.2.xsd, http://www.springframework.org/schema/util/spring-util-3.0.xsd=org/springframework/beans/factory/xml/spring-util-3.0.xsd, http://www.springframework.org/schema/lang/spring-lang-3.0.xsd=org/springframework/scripting/config/spring-lang-3.0.xsd, http://www.springframework.org/schema/util/spring-util-2.0.xsd=org/springframework/beans/factory/xml/spring-util-2.0.xsd, http://www.springframework.org/schema/lang/spring-lang-2.0.xsd=org/springframework/scripting/config/spring-lang-2.0.xsd, http://www.springframework.org/schema/tool/spring-tool-3.2.xsd=org/springframework/beans/factory/xml/spring-tool-3.2.xsd, http://www.springframework.org/schema/beans/spring-beans-2.5.xsd=org/springframework/beans/factory/xml/spring-beans-2.5.xsd}>
2015-07-02 10:24:23,125 DEBUG [org.springframework.beans.factory.xml.PluggableSchemaResolver] - <Found XML schema [http://www.springframework.org/schema/beans/spring-beans-3.0.xsd] in classpath: org/springframework/beans/factory/xml/spring-beans-3.0.xsd>
2015-07-02 10:24:23,165 DEBUG [org.springframework.beans.factory.xml.DefaultBeanDefinitionDocumentReader] - <Loading bean definitions>
2015-07-02 10:24:23,181 DEBUG [org.springframework.beans.factory.xml.BeanDefinitionParserDelegate] - <Neither XML 'id' nor 'name' specified - using generated bean name [kontur.InitHelloWorld#0]>
2015-07-02 10:24:23,181 DEBUG [org.springframework.beans.factory.xml.XmlBeanDefinitionReader] - <Loaded 5 bean definitions from location pattern [Beans.xml]>
2015-07-02 10:24:23,181 DEBUG [org.springframework.context.support.ClassPathXmlApplicationContext] - <Bean factory for org.springframework.context.support.ClassPathXmlApplicationContext@798fd984: org.springframework.beans.factory.support.DefaultListableBeanFactory@420f9c40: defining beans [myTemplate,checker,helloWorld,helloWorld2,kontur.InitHelloWorld#0]; root of factory hierarchy>
2015-07-02 10:24:23,193 DEBUG [org.springframework.beans.factory.support.DefaultListableBeanFactory] - <Creating shared instance of singleton bean 'kontur.InitHelloWorld#0'>
2015-07-02 10:24:23,193 DEBUG [org.springframework.beans.factory.support.DefaultListableBeanFactory] - <Creating instance of bean 'kontur.InitHelloWorld#0'>
2015-07-02 10:24:23,202 DEBUG [org.springframework.beans.factory.support.DefaultListableBeanFactory] - <Eagerly caching bean 'kontur.InitHelloWorld#0' to allow for resolving potential circular references>
2015-07-02 10:24:23,203 DEBUG [org.springframework.beans.factory.support.DefaultListableBeanFactory] - <No default init method named 'init' found on bean with name 'kontur.InitHelloWorld#0'>
2015-07-02 10:24:23,204 DEBUG [org.springframework.beans.factory.support.DefaultListableBeanFactory] - <Finished creating instance of bean 'kontur.InitHelloWorld#0'>
2015-07-02 10:24:23,206 DEBUG [org.springframework.context.support.ClassPathXmlApplicationContext] - <Unable to locate MessageSource with name 'messageSource': using default [org.springframework.context.support.DelegatingMessageSource@23abcc03]>
2015-07-02 10:24:23,208 DEBUG [org.springframework.context.support.ClassPathXmlApplicationContext] - <Unable to locate ApplicationEventMulticaster with name 'applicationEventMulticaster': using default [org.springframework.context.event.SimpleApplicationEventMulticaster@4dd36dfe]>
2015-07-02 10:24:23,210 INFO [org.springframework.beans.factory.support.DefaultListableBeanFactory] - <Pre-instantiating singletons in org.springframework.beans.factory.support.DefaultListableBeanFactory@420f9c40: defining beans [myTemplate,checker,helloWorld,helloWorld2,kontur.InitHelloWorld#0]; root of factory hierarchy>
2015-07-02 10:24:23,210 DEBUG [org.springframework.beans.factory.support.DefaultListableBeanFactory] - <Creating shared instance of singleton bean 'checker'>
2015-07-02 10:24:23,210 DEBUG [org.springframework.beans.factory.support.DefaultListableBeanFactory] - <Creating instance of bean 'checker'>
2015-07-02 10:24:23,210 DEBUG [org.springframework.beans.factory.support.DefaultListableBeanFactory] - <Eagerly caching bean 'checker' to allow for resolving potential circular references>
2015-07-02 10:24:23,211 DEBUG [org.springframework.beans.factory.support.DefaultListableBeanFactory] - <No default init method named 'init' found on bean with name 'checker'>
2015-07-02 10:24:23,211 DEBUG [org.springframework.beans.factory.support.DefaultListableBeanFactory] - <Finished creating instance of bean 'checker'>
2015-07-02 10:24:23,211 DEBUG [org.springframework.beans.factory.support.DefaultListableBeanFactory] - <Returning cached instance of singleton bean 'kontur.InitHelloWorld#0'>
2015-07-02 10:24:23,212 DEBUG [org.springframework.context.support.ClassPathXmlApplicationContext] - <Unable to locate LifecycleProcessor with name 'lifecycleProcessor': using default [org.springframework.context.support.DefaultLifecycleProcessor@45d6a56e]>
2015-07-02 10:24:23,212 DEBUG [org.springframework.beans.factory.support.DefaultListableBeanFactory] - <Returning cached instance of singleton bean 'lifecycleProcessor'>
2015-07-02 10:24:23,213 DEBUG [org.springframework.core.env.PropertySourcesPropertyResolver] - <Searching for key 'spring.liveBeansView.mbeanDomain' in [systemProperties]>
2015-07-02 10:24:23,213 DEBUG [org.springframework.core.env.PropertySourcesPropertyResolver] - <Searching for key 'spring.liveBeansView.mbeanDomain' in [systemEnvironment]>
2015-07-02 10:24:23,213 DEBUG [org.springframework.core.env.PropertySourcesPropertyResolver] - <Could not find key 'spring.liveBeansView.mbeanDomain' in any property source. Returning [null]>
2015-07-02 10:24:23,213 DEBUG [org.springframework.beans.factory.support.DefaultListableBeanFactory] - <Creating instance of bean 'helloWorld'>
2015-07-02 10:24:23,237 DEBUG [org.springframework.beans.factory.support.DefaultListableBeanFactory] - <Returning cached instance of singleton bean 'checker'>
2015-07-02 10:24:23,254 DEBUG [org.springframework.beans.factory.support.DefaultListableBeanFactory] - <Invoking afterPropertiesSet() on bean with name 'helloWorld'>
2015-07-02 10:24:23,254 DEBUG [org.springframework.beans.factory.support.DefaultListableBeanFactory] - <Invoking init method  'init' on bean with name 'helloWorld'>
2015-07-02 10:24:23,254 DEBUG [org.springframework.beans.factory.support.DefaultListableBeanFactory] - <Finished creating instance of bean 'helloWorld'>
2015-07-02 10:24:23,254 INFO [kontur.HelloWorld] - <!!!>
2015-07-02 10:24:23,254 INFO [kontur.Program] - <Going to create HelloWord Obj!!!!>
2015-07-02 10:24:23,254 DEBUG [kontur.Program] - <my message>
2015-07-02 10:24:23,256 DEBUG [org.springframework.core.env.StandardEnvironment] - <Adding [systemProperties] PropertySource with lowest search precedence>
2015-07-02 10:24:23,256 DEBUG [org.springframework.core.env.StandardEnvironment] - <Adding [systemEnvironment] PropertySource with lowest search precedence>
2015-07-02 10:24:23,256 DEBUG [org.springframework.core.env.StandardEnvironment] - <Initialized StandardEnvironment with PropertySources [systemProperties,systemEnvironment]>
2015-07-02 10:24:23,272 INFO [org.springframework.context.annotation.AnnotationConfigApplicationContext] - <Refreshing org.springframework.context.annotation.AnnotationConfigApplicationContext@680e2291: startup date [Thu Jul 02 10:24:23 UZT 2015]; root of context hierarchy>
2015-07-02 10:24:23,272 DEBUG [org.springframework.context.annotation.AnnotationConfigApplicationContext] - <Bean factory for org.springframework.context.annotation.AnnotationConfigApplicationContext@680e2291: org.springframework.beans.factory.support.DefaultListableBeanFactory@1fbbd7b2: defining beans [org.springframework.context.annotation.internalConfigurationAnnotationProcessor,org.springframework.context.annotation.internalAutowiredAnnotationProcessor,org.springframework.context.annotation.internalRequiredAnnotationProcessor,org.springframework.context.annotation.internalCommonAnnotationProcessor,appConfig]; root of factory hierarchy>
2015-07-02 10:24:23,273 DEBUG [org.springframework.beans.factory.support.DefaultListableBeanFactory] - <Creating shared instance of singleton bean 'org.springframework.context.annotation.internalConfigurationAnnotationProcessor'>
2015-07-02 10:24:23,273 DEBUG [org.springframework.beans.factory.support.DefaultListableBeanFactory] - <Creating instance of bean 'org.springframework.context.annotation.internalConfigurationAnnotationProcessor'>
2015-07-02 10:24:23,274 DEBUG [org.springframework.beans.factory.support.DefaultListableBeanFactory] - <Eagerly caching bean 'org.springframework.context.annotation.internalConfigurationAnnotationProcessor' to allow for resolving potential circular references>
2015-07-02 10:24:23,274 DEBUG [org.springframework.beans.factory.support.DefaultListableBeanFactory] - <Finished creating instance of bean 'org.springframework.context.annotation.internalConfigurationAnnotationProcessor'>
2015-07-02 10:24:23,288 DEBUG [org.springframework.context.annotation.ConfigurationClassBeanDefinitionReader] - <Registered bean definition for imported @Configuration class kontur.OtherAppConfig>
2015-07-02 10:24:23,289 DEBUG [org.springframework.context.annotation.ConfigurationClassBeanDefinitionReader] - <Registering bean definition for @Bean method kontur.OtherAppConfig.checker()>
2015-07-02 10:24:23,290 DEBUG [org.springframework.context.annotation.ConfigurationClassBeanDefinitionReader] - <Registering bean definition for @Bean method kontur.AppConfig.helloWorld()>
2015-07-02 10:24:23,290 DEBUG [org.springframework.context.annotation.ConfigurationClassBeanDefinitionReader] - <Registering bean definition for @Bean method kontur.AppConfig.helloWorld2()>
2015-07-02 10:24:23,345 DEBUG [org.springframework.context.annotation.ConfigurationClassEnhancer] - <Successfully enhanced kontur.AppConfig; enhanced class name is: kontur.AppConfig$$EnhancerBySpringCGLIB$$d5ffe95e>
2015-07-02 10:24:23,345 DEBUG [org.springframework.context.annotation.ConfigurationClassPostProcessor] - <Replacing bean definition 'appConfig' existing class name 'kontur.AppConfig' with enhanced class name 'kontur.AppConfig$$EnhancerBySpringCGLIB$$d5ffe95e'>
2015-07-02 10:24:23,346 DEBUG [org.springframework.context.annotation.ConfigurationClassEnhancer] - <Successfully enhanced kontur.OtherAppConfig; enhanced class name is: kontur.OtherAppConfig$$EnhancerBySpringCGLIB$$d6f47fdc>
2015-07-02 10:24:23,346 DEBUG [org.springframework.context.annotation.ConfigurationClassPostProcessor] - <Replacing bean definition 'kontur.OtherAppConfig' existing class name 'kontur.OtherAppConfig' with enhanced class name 'kontur.OtherAppConfig$$EnhancerBySpringCGLIB$$d6f47fdc'>
2015-07-02 10:24:23,350 DEBUG [org.springframework.beans.factory.support.DefaultListableBeanFactory] - <Creating shared instance of singleton bean 'org.springframework.context.annotation.internalAutowiredAnnotationProcessor'>
2015-07-02 10:24:23,350 DEBUG [org.springframework.beans.factory.support.DefaultListableBeanFactory] - <Creating instance of bean 'org.springframework.context.annotation.internalAutowiredAnnotationProcessor'>
2015-07-02 10:24:23,350 DEBUG [org.springframework.beans.factory.support.DefaultListableBeanFactory] - <Eagerly caching bean 'org.springframework.context.annotation.internalAutowiredAnnotationProcessor' to allow for resolving potential circular references>
2015-07-02 10:24:23,350 DEBUG [org.springframework.beans.factory.support.DefaultListableBeanFactory] - <Finished creating instance of bean 'org.springframework.context.annotation.internalAutowiredAnnotationProcessor'>
2015-07-02 10:24:23,351 DEBUG [org.springframework.beans.factory.support.DefaultListableBeanFactory] - <Creating shared instance of singleton bean 'org.springframework.context.annotation.internalRequiredAnnotationProcessor'>
2015-07-02 10:24:23,351 DEBUG [org.springframework.beans.factory.support.DefaultListableBeanFactory] - <Creating instance of bean 'org.springframework.context.annotation.internalRequiredAnnotationProcessor'>
2015-07-02 10:24:23,351 DEBUG [org.springframework.beans.factory.support.DefaultListableBeanFactory] - <Eagerly caching bean 'org.springframework.context.annotation.internalRequiredAnnotationProcessor' to allow for resolving potential circular references>
2015-07-02 10:24:23,351 DEBUG [org.springframework.beans.factory.support.DefaultListableBeanFactory] - <Finished creating instance of bean 'org.springframework.context.annotation.internalRequiredAnnotationProcessor'>
2015-07-02 10:24:23,351 DEBUG [org.springframework.beans.factory.support.DefaultListableBeanFactory] - <Creating shared instance of singleton bean 'org.springframework.context.annotation.internalCommonAnnotationProcessor'>
2015-07-02 10:24:23,351 DEBUG [org.springframework.beans.factory.support.DefaultListableBeanFactory] - <Creating instance of bean 'org.springframework.context.annotation.internalCommonAnnotationProcessor'>
2015-07-02 10:24:23,353 DEBUG [org.springframework.beans.factory.support.DefaultListableBeanFactory] - <Eagerly caching bean 'org.springframework.context.annotation.internalCommonAnnotationProcessor' to allow for resolving potential circular references>
2015-07-02 10:24:23,353 DEBUG [org.springframework.beans.factory.support.DefaultListableBeanFactory] - <Finished creating instance of bean 'org.springframework.context.annotation.internalCommonAnnotationProcessor'>
2015-07-02 10:24:23,353 DEBUG [org.springframework.beans.factory.support.DefaultListableBeanFactory] - <Creating shared instance of singleton bean 'org.springframework.context.annotation.ConfigurationClassPostProcessor.importAwareProcessor'>
2015-07-02 10:24:23,353 DEBUG [org.springframework.beans.factory.support.DefaultListableBeanFactory] - <Creating instance of bean 'org.springframework.context.annotation.ConfigurationClassPostProcessor.importAwareProcessor'>
2015-07-02 10:24:23,353 DEBUG [org.springframework.beans.factory.support.DefaultListableBeanFactory] - <Eagerly caching bean 'org.springframework.context.annotation.ConfigurationClassPostProcessor.importAwareProcessor' to allow for resolving potential circular references>
2015-07-02 10:24:23,354 DEBUG [org.springframework.beans.factory.support.DefaultListableBeanFactory] - <Finished creating instance of bean 'org.springframework.context.annotation.ConfigurationClassPostProcessor.importAwareProcessor'>
2015-07-02 10:24:23,354 DEBUG [org.springframework.context.annotation.AnnotationConfigApplicationContext] - <Unable to locate MessageSource with name 'messageSource': using default [org.springframework.context.support.DelegatingMessageSource@6f1f23e5]>
2015-07-02 10:24:23,354 DEBUG [org.springframework.context.annotation.AnnotationConfigApplicationContext] - <Unable to locate ApplicationEventMulticaster with name 'applicationEventMulticaster': using default [org.springframework.context.event.SimpleApplicationEventMulticaster@656dc861]>
2015-07-02 10:24:23,356 INFO [org.springframework.beans.factory.support.DefaultListableBeanFactory] - <Pre-instantiating singletons in org.springframework.beans.factory.support.DefaultListableBeanFactory@1fbbd7b2: defining beans [org.springframework.context.annotation.internalConfigurationAnnotationProcessor,org.springframework.context.annotation.internalAutowiredAnnotationProcessor,org.springframework.context.annotation.internalRequiredAnnotationProcessor,org.springframework.context.annotation.internalCommonAnnotationProcessor,appConfig,org.springframework.context.annotation.ConfigurationClassPostProcessor.importAwareProcessor,kontur.OtherAppConfig,checker,helloWorld,helloWorld2]; root of factory hierarchy>
2015-07-02 10:24:23,356 DEBUG [org.springframework.beans.factory.support.DefaultListableBeanFactory] - <Returning cached instance of singleton bean 'org.springframework.context.annotation.internalConfigurationAnnotationProcessor'>
2015-07-02 10:24:23,356 DEBUG [org.springframework.beans.factory.support.DefaultListableBeanFactory] - <Returning cached instance of singleton bean 'org.springframework.context.annotation.internalAutowiredAnnotationProcessor'>
2015-07-02 10:24:23,356 DEBUG [org.springframework.beans.factory.support.DefaultListableBeanFactory] - <Returning cached instance of singleton bean 'org.springframework.context.annotation.internalRequiredAnnotationProcessor'>
2015-07-02 10:24:23,357 DEBUG [org.springframework.beans.factory.support.DefaultListableBeanFactory] - <Returning cached instance of singleton bean 'org.springframework.context.annotation.internalCommonAnnotationProcessor'>
2015-07-02 10:24:23,357 DEBUG [org.springframework.beans.factory.support.DefaultListableBeanFactory] - <Creating shared instance of singleton bean 'appConfig'>
2015-07-02 10:24:23,357 DEBUG [org.springframework.beans.factory.support.DefaultListableBeanFactory] - <Creating instance of bean 'appConfig'>
2015-07-02 10:24:23,358 DEBUG [org.springframework.beans.factory.support.DefaultListableBeanFactory] - <Eagerly caching bean 'appConfig' to allow for resolving potential circular references>
2015-07-02 10:24:23,361 DEBUG [org.springframework.beans.factory.support.DefaultListableBeanFactory] - <Finished creating instance of bean 'appConfig'>
2015-07-02 10:24:23,361 DEBUG [org.springframework.beans.factory.support.DefaultListableBeanFactory] - <Returning cached instance of singleton bean 'org.springframework.context.annotation.ConfigurationClassPostProcessor.importAwareProcessor'>
2015-07-02 10:24:23,361 DEBUG [org.springframework.beans.factory.support.DefaultListableBeanFactory] - <Creating shared instance of singleton bean 'kontur.OtherAppConfig'>
2015-07-02 10:24:23,361 DEBUG [org.springframework.beans.factory.support.DefaultListableBeanFactory] - <Creating instance of bean 'kontur.OtherAppConfig'>
2015-07-02 10:24:23,361 DEBUG [org.springframework.beans.factory.support.DefaultListableBeanFactory] - <Eagerly caching bean 'kontur.OtherAppConfig' to allow for resolving potential circular references>
2015-07-02 10:24:23,362 DEBUG [org.springframework.beans.factory.support.DefaultListableBeanFactory] - <Finished creating instance of bean 'kontur.OtherAppConfig'>
2015-07-02 10:24:23,363 DEBUG [org.springframework.beans.factory.support.DefaultListableBeanFactory] - <Creating shared instance of singleton bean 'checker'>
2015-07-02 10:24:23,363 DEBUG [org.springframework.beans.factory.support.DefaultListableBeanFactory] - <Creating instance of bean 'checker'>
2015-07-02 10:24:23,364 DEBUG [org.springframework.beans.factory.support.DefaultListableBeanFactory] - <Returning cached instance of singleton bean 'kontur.OtherAppConfig'>
2015-07-02 10:24:23,376 DEBUG [org.springframework.beans.factory.support.DefaultListableBeanFactory] - <Eagerly caching bean 'checker' to allow for resolving potential circular references>
2015-07-02 10:24:23,377 DEBUG [org.springframework.beans.factory.support.DefaultListableBeanFactory] - <Finished creating instance of bean 'checker'>
2015-07-02 10:24:23,377 DEBUG [org.springframework.beans.factory.support.DefaultListableBeanFactory] - <Creating shared instance of singleton bean 'helloWorld2'>
2015-07-02 10:24:23,377 DEBUG [org.springframework.beans.factory.support.DefaultListableBeanFactory] - <Creating instance of bean 'helloWorld2'>
2015-07-02 10:24:23,377 DEBUG [org.springframework.beans.factory.support.DefaultListableBeanFactory] - <Returning cached instance of singleton bean 'appConfig'>
2015-07-02 10:24:23,383 DEBUG [org.springframework.beans.factory.support.DefaultListableBeanFactory] - <Eagerly caching bean 'helloWorld2' to allow for resolving potential circular references>
2015-07-02 10:24:23,384 DEBUG [org.springframework.beans.factory.support.DefaultListableBeanFactory] - <Finished creating instance of bean 'helloWorld2'>
2015-07-02 10:24:23,384 DEBUG [org.springframework.context.annotation.AnnotationConfigApplicationContext] - <Unable to locate LifecycleProcessor with name 'lifecycleProcessor': using default [org.springframework.context.support.DefaultLifecycleProcessor@76caf6c1]>
2015-07-02 10:24:23,385 DEBUG [org.springframework.beans.factory.support.DefaultListableBeanFactory] - <Returning cached instance of singleton bean 'lifecycleProcessor'>
2015-07-02 10:24:23,385 DEBUG [org.springframework.core.env.PropertySourcesPropertyResolver] - <Searching for key 'spring.liveBeansView.mbeanDomain' in [systemProperties]>
2015-07-02 10:24:23,385 DEBUG [org.springframework.core.env.PropertySourcesPropertyResolver] - <Searching for key 'spring.liveBeansView.mbeanDomain' in [systemEnvironment]>
2015-07-02 10:24:23,385 DEBUG [org.springframework.core.env.PropertySourcesPropertyResolver] - <Could not find key 'spring.liveBeansView.mbeanDomain' in any property source. Returning [null]>
2015-07-02 10:24:23,385 DEBUG [org.springframework.beans.factory.support.DefaultListableBeanFactory] - <Creating instance of bean 'helloWorld'>
2015-07-02 10:24:23,385 DEBUG [org.springframework.beans.factory.support.DefaultListableBeanFactory] - <Returning cached instance of singleton bean 'appConfig'>
2015-07-02 10:24:23,387 DEBUG [org.springframework.beans.factory.support.DefaultListableBeanFactory] - <Invoking afterPropertiesSet() on bean with name 'helloWorld'>
2015-07-02 10:24:23,387 DEBUG [org.springframework.beans.factory.support.DefaultListableBeanFactory] - <Invoking init method  'init' on bean with name 'helloWorld'>
2015-07-02 10:24:23,387 DEBUG [org.springframework.beans.factory.support.DefaultListableBeanFactory] - <Finished creating instance of bean 'helloWorld'>
2015-07-02 10:24:23,387 INFO [kontur.HelloWorld] - <!!!>
2015-07-02 10:24:23,387 DEBUG [org.springframework.beans.factory.support.DefaultListableBeanFactory] - <Returning cached instance of singleton bean 'checker'>
2015-07-02 10:24:23,388 INFO [org.springframework.context.annotation.AnnotationConfigApplicationContext] - <Closing org.springframework.context.annotation.AnnotationConfigApplicationContext@680e2291: startup date [Thu Jul 02 10:24:23 UZT 2015]; root of context hierarchy>
2015-07-02 10:24:23,389 INFO [org.springframework.context.support.ClassPathXmlApplicationContext] - <Closing org.springframework.context.support.ClassPathXmlApplicationContext@798fd984: startup date [Thu Jul 02 10:24:23 UZT 2015]; root of context hierarchy>
2015-07-02 10:24:23,389 DEBUG [org.springframework.beans.factory.support.DefaultListableBeanFactory] - <Returning cached instance of singleton bean 'lifecycleProcessor'>
2015-07-02 10:24:23,389 DEBUG [org.springframework.beans.factory.support.DefaultListableBeanFactory] - <Returning cached instance of singleton bean 'lifecycleProcessor'>
2015-07-02 10:24:23,389 INFO [org.springframework.beans.factory.support.DefaultListableBeanFactory] - <Destroying singletons in org.springframework.beans.factory.support.DefaultListableBeanFactory@420f9c40: defining beans [myTemplate,checker,helloWorld,helloWorld2,kontur.InitHelloWorld#0]; root of factory hierarchy>
2015-07-02 10:24:23,389 INFO [org.springframework.beans.factory.support.DefaultListableBeanFactory] - <Destroying singletons in org.springframework.beans.factory.support.DefaultListableBeanFactory@1fbbd7b2: defining beans [org.springframework.context.annotation.internalConfigurationAnnotationProcessor,org.springframework.context.annotation.internalAutowiredAnnotationProcessor,org.springframework.context.annotation.internalRequiredAnnotationProcessor,org.springframework.context.annotation.internalCommonAnnotationProcessor,appConfig,org.springframework.context.annotation.ConfigurationClassPostProcessor.importAwareProcessor,kontur.OtherAppConfig,checker,helloWorld,helloWorld2]; root of factory hierarchy>
2015-07-02 10:24:23,389 DEBUG [org.springframework.beans.factory.support.DefaultListableBeanFactory] - <Retrieved dependent beans for bean 'checker': [helloWorld]>
2015-07-02 10:24:23,389 DEBUG [org.springframework.beans.factory.support.DisposableBeanAdapter] - <Invoking destroy() on bean with name 'kontur.OtherAppConfig'>
2015-07-02 10:24:23,389 DEBUG [org.springframework.beans.factory.support.DisposableBeanAdapter] - <Invoking destroy() on bean with name 'appConfig'>
